#
# A fatal error has been detected by the Java Runtime Environment:
#
#  EXCEPTION_ACCESS_VIOLATION (0xc0000005) at pc=0x000000400000000d, pid=2116, tid=7372
#
# JRE version: 6.0_17-b04
# Java VM: Java HotSpot(TM) 64-Bit Server VM (14.3-b01 mixed mode windows-amd64 )
# Problematic frame:
# C  0x000000400000000d
#
# If you would like to submit a bug report, please visit:
#   http://java.sun.com/webapps/bugreport/crash.jsp
#

---------------  T H R E A D  ---------------

Current thread (0x00000000706af800):  JavaThread "AWT-EventQueue-0" [_thread_in_Java, id=7372, stack(0x000000000f530000,0x000000000f5b0000)]

siginfo: ExceptionCode=0xc0000005, ExceptionInformation=0x0000000000000008 0x000000400000000d

Registers:
EAX=0x000000004b44b580, EBX=0x000000004b44c460, ECX=0x000000005995bdb0, EDX=0x0000000900081010
ESP=0x000000000f5ae950, EBP=0x000000000f5ae9a0, ESI=0x00000000000000d0, EDI=0x00000000493a16e0
EIP=0x000000400000000d, EFLAGS=0x0000000000010202

Top of Stack: (sp=0x000000000f5ae950)
0x000000000f5ae950:   0000000044e55969 000000005995bdb0
0x000000000f5ae960:   000000000f5ae960 00000000484695de
0x000000000f5ae970:   000000000f5aea00 0000000048479668
0x000000000f5ae980:   000000004bef7558 0000000048469688
0x000000000f5ae990:   000000000f5ae958 000000000f5ae9f8
0x000000000f5ae9a0:   000000000f5aea48 0000000044e5589a
0x000000000f5ae9b0:   0000000000000000 0000000000000000
0x000000000f5ae9c0:   0000000000000000 000000005995bdb0
0x000000000f5ae9d0:   000000005995bdb0 00000000599592c0
0x000000000f5ae9e0:   00000000599592c0 00000000599592c0
0x000000000f5ae9f0:   0000000059776ec0 0000000059776ec0
0x000000000f5aea00:   00000000503a0458 000000000f5aea08
0x000000000f5aea10:   000000004824fe7b 000000000f5aea90
0x000000000f5aea20:   0000000048361518 000000004bfc51a0
0x000000000f5aea30:   0000000048250158 000000000f5ae9f8
0x000000000f5aea40:   000000000f5aeaa0 0000000000000000 

Instructions: (pc=0x000000400000000d)
0x0000003ffffffffd:   
[error occurred during error reporting (printing registers, top of stack, instructions near pc), id 0xc0000005]

Stack: [0x000000000f530000,0x000000000f5b0000],  sp=0x000000000f5ae950,  free space=506k
Native frames: (J=compiled Java code, j=interpreted, Vv=VM code, C=native code)
C  0x000000400000000d
j  java.awt.Component.dispatchEventImpl(Ljava/awt/AWTEvent;)V+131


---------------  P R O C E S S  ---------------

Java Threads: ( => current thread )
  0x000000000e50c800 JavaThread "Swing-Shell" daemon [_thread_blocked, id=6156, stack(0x0000000016c80000,0x0000000016d00000)]
  0x0000000070697800 JavaThread "pool-1-thread-1" [_thread_blocked, id=1992, stack(0x00000000085b0000,0x0000000008630000)]
  0x0000000070695000 JavaThread "pool-6-thread-1" [_thread_blocked, id=6408, stack(0x0000000008450000,0x00000000084d0000)]
  0x0000000070699000 JavaThread "pool-2-thread-1" [_thread_blocked, id=6928, stack(0x0000000008510000,0x0000000008590000)]
  0x0000000070693800 JavaThread "Prefs Updater" daemon [_thread_blocked, id=6540, stack(0x000000000f430000,0x000000000f4b0000)]
  0x0000000070692800 JavaThread "Code Analyzer updating thread" [_thread_blocked, id=940, stack(0x00000000678b0000,0x0000000067930000)]
  0x0000000070697000 JavaThread "Active Reference Queue Daemon" daemon [_thread_blocked, id=1168, stack(0x0000000067110000,0x0000000067190000)]
  0x0000000070695800 JavaThread "Timer-5" daemon [_thread_blocked, id=5896, stack(0x0000000067020000,0x00000000670a0000)]
  0x000000007069a000 JavaThread "Timer-4" daemon [_thread_blocked, id=7756, stack(0x0000000066fa0000,0x0000000067020000)]
  0x0000000070698800 JavaThread "Explorer NavigationContext request queue" [_thread_blocked, id=5908, stack(0x0000000064680000,0x0000000064700000)]
  0x00000000706b5000 JavaThread "AddressBar directory emptiness poller" [_thread_blocked, id=5452, stack(0x0000000064580000,0x0000000064600000)]
  0x00000000706b4800 JavaThread "Explorer Refresh Service 701330970" [_thread_blocked, id=7896, stack(0x00000000644a0000,0x0000000064520000)]
  0x00000000706b3000 JavaThread "Timer-1" daemon [_thread_blocked, id=3584, stack(0x0000000064250000,0x00000000642d0000)]
  0x00000000706b0000 JavaThread "TimerQueue" daemon [_thread_blocked, id=6980, stack(0x000000000faa0000,0x000000000fb20000)]
  0x00000000706b1000 JavaThread "Thread-5" daemon [_thread_blocked, id=4108, stack(0x000000000f5b0000,0x000000000f630000)]
=>0x00000000706af800 JavaThread "AWT-EventQueue-0" [_thread_in_Java, id=7372, stack(0x000000000f530000,0x000000000f5b0000)]
  0x00000000706ae000 JavaThread "AWT-Shutdown" [_thread_blocked, id=3944, stack(0x000000000f220000,0x000000000f2a0000)]
  0x00000000706b1800 JavaThread "FelixPackageAdmin" daemon [_thread_blocked, id=2128, stack(0x000000000f730000,0x000000000f7b0000)]
  0x00000000706ae800 JavaThread "FelixStartLevel" daemon [_thread_blocked, id=7596, stack(0x000000000f6b0000,0x000000000f730000)]
  0x00000000706b3800 JavaThread "FelixDispatchQueue" daemon [_thread_blocked, id=6224, stack(0x000000000f630000,0x000000000f6b0000)]
  0x0000000070390000 JavaThread "com.google.common.base.internal.Finalizer" daemon [_thread_blocked, id=7608, stack(0x000000000f3b0000,0x000000000f430000)]
  0x00000000702ab800 JavaThread "AWT-Windows" daemon [_thread_in_native, id=2084, stack(0x000000000f2a0000,0x000000000f320000)]
  0x00000000702aa800 JavaThread "Java2D Disposer" daemon [_thread_blocked, id=2320, stack(0x000000000f1a0000,0x000000000f220000)]
  0x000000000f094800 JavaThread "Timer-0" [_thread_blocked, id=7500, stack(0x000000000f110000,0x000000000f190000)]
  0x000000000ef04800 JavaThread "EventMgr Dispatcher" daemon [_thread_in_native, id=7760, stack(0x0000000008930000,0x000000000c930000)]
  0x000000000e1b6000 JavaThread "Low Memory Detector" daemon [_thread_blocked, id=4032, stack(0x000000000e480000,0x000000000e500000)]
  0x000000000e1ae800 JavaThread "CompilerThread1" daemon [_thread_blocked, id=6132, stack(0x0000000084000000,0x0000000088000000)]
  0x000000000e1aa000 JavaThread "CompilerThread0" daemon [_thread_blocked, id=4484, stack(0x0000000080000000,0x0000000084000000)]
  0x000000000e1a9000 JavaThread "Attach Listener" daemon [_thread_blocked, id=5388, stack(0x000000000e400000,0x000000000e480000)]
  0x000000000ce1a000 JavaThread "Finalizer" daemon [_thread_blocked, id=7584, stack(0x000000000e380000,0x000000000e400000)]
  0x000000000e184800 JavaThread "Reference Handler" daemon [_thread_blocked, id=7328, stack(0x000000000e300000,0x000000000e380000)]
  0x000000000cd3d800 JavaThread "main" [_thread_in_native, id=2624, stack(0x0000000000220000,0x0000000004220000)]

Other Threads:
  0x000000000e181800 VMThread [stack: 0x000000007bca0000,0x000000007fca0000] [id=4224]
  0x000000000e1d0000 WatcherThread [stack: 0x0000000088000000,0x000000008c000000] [id=6900]

VM state:not at safepoint (normal execution)

VM Mutex/Monitor currently owned by a thread: None

Heap
 PSYoungGen      total 9984K, used 8303K [0x0000000059150000, 0x000000005a3b0000, 0x000000005c250000)
  eden space 8064K, 79% used [0x0000000059150000,0x000000005978d130,0x0000000059930000)
  from space 1920K, 99% used [0x0000000059950000,0x0000000059b2ee98,0x0000000059b30000)
  to   space 5376K, 0% used [0x0000000059e70000,0x0000000059e70000,0x000000005a3b0000)
 PSOldGen        total 95680K, used 94761K [0x000000004fe50000, 0x0000000055bc0000, 0x0000000059150000)
  object space 95680K, 99% used [0x000000004fe50000,0x0000000055ada730,0x0000000055bc0000)
 PSPermGen       total 126464K, used 71968K [0x0000000047e50000, 0x000000004f9d0000, 0x000000004fe50000)
  object space 126464K, 56% used [0x0000000047e50000,0x000000004c498148,0x000000004f9d0000)

Dynamic libraries:
0x000007f7f0a60000 - 0x000007f7f0a8d000 	C:\MATLAB\R2012b\bin\win64\MATLAB.exe
0x000007f819e90000 - 0x000007f81a04d000 	C:\Windows\SYSTEM32\ntdll.dll
0x000007f817590000 - 0x000007f8176c7000 	C:\Windows\system32\KERNEL32.DLL
0x000007f816dd0000 - 0x000007f816ec4000 	C:\Windows\system32\KERNELBASE.dll
0x0000000067fa0000 - 0x0000000068029000 	C:\Windows\System32\SYSFER.DLL
0x0000000074460000 - 0x000000007451f000 	C:\MATLAB\R2012b\bin\win64\libut.dll
0x0000000180000000 - 0x00000001802dc000 	C:\MATLAB\R2012b\bin\win64\libmwservices.dll
0x0000000074970000 - 0x0000000074a31000 	C:\MATLAB\R2012b\bin\win64\mcr.dll
0x0000000067230000 - 0x0000000067303000 	C:\Windows\WinSxS\amd64_microsoft.vc90.crt_1fc8b3b9a1e18e3b_9.0.30729.6871_none_08e717a5a83adddf\MSVCP90.dll
0x0000000067800000 - 0x00000000678a3000 	C:\Windows\WinSxS\amd64_microsoft.vc90.crt_1fc8b3b9a1e18e3b_9.0.30729.6871_none_08e717a5a83adddf\MSVCR90.dll
0x00000000758a0000 - 0x000000007595c000 	C:\MATLAB\R2012b\bin\win64\libmwi18n.dll
0x0000000073f70000 - 0x000000007411d000 	C:\MATLAB\R2012b\bin\win64\libmwfl.dll
0x000000007a3b0000 - 0x000000007a3c0000 	C:\MATLAB\R2012b\bin\win64\boost_date_time-vc90-mt-1_44.dll
0x000000007a560000 - 0x000000007a569000 	C:\MATLAB\R2012b\bin\win64\boost_system-vc90-mt-1_44.dll
0x000000007a2d0000 - 0x000000007a2e2000 	C:\MATLAB\R2012b\bin\win64\boost_thread-vc90-mt-1_44.dll
0x0000000004490000 - 0x000000000454d000 	C:\MATLAB\R2012b\bin\win64\boost_log-vc90-mt-1_44.dll
0x00000000665a0000 - 0x0000000066711000 	C:\MATLAB\R2012b\bin\win64\icuuc44.dll
0x0000000066580000 - 0x0000000066593000 	C:\MATLAB\R2012b\bin\win64\icuio44.dll
0x0000000004320000 - 0x0000000004366000 	C:\MATLAB\R2012b\bin\win64\tbb.dll
0x000007f8176d0000 - 0x000007f8176d7000 	C:\Windows\system32\PSAPI.DLL
0x000007f809290000 - 0x000007f8093f3000 	C:\Windows\SYSTEM32\dbghelp.dll
0x000007f8179e0000 - 0x000007f817abe000 	C:\Windows\system32\ADVAPI32.dll
0x000007f817380000 - 0x000007f8174cc000 	C:\Windows\system32\USER32.dll
0x0000000075a20000 - 0x0000000075af3000 	C:\MATLAB\R2012b\bin\win64\libmx.dll
0x0000000004550000 - 0x000000000459d000 	C:\MATLAB\R2012b\bin\win64\libmwregexp.dll
0x00000000045a0000 - 0x00000000045c3000 	C:\MATLAB\R2012b\bin\win64\libmwmfl_scalar.dll
0x0000000075f10000 - 0x0000000075f60000 	C:\MATLAB\R2012b\bin\win64\mpath.dll
0x000000007b680000 - 0x000000007bc9a000 	C:\MATLAB\R2012b\bin\win64\mlutil.dll
0x00000000045d0000 - 0x0000000004986000 	C:\MATLAB\R2012b\bin\win64\libmwMATLAB_res.dll
0x0000000004990000 - 0x00000000049b0000 	C:\MATLAB\R2012b\bin\win64\libmwMATLAB_settings_res.dll
0x000000007a170000 - 0x000000007a19c000 	C:\MATLAB\R2012b\bin\win64\boost_filesystem-vc90-mt-1_44.dll
0x00000000049b0000 - 0x00000000049f7000 	C:\MATLAB\R2012b\bin\win64\boost_serialization-vc90-mt-1_44.dll
0x000007f811390000 - 0x000007f811434000 	C:\Windows\WinSxS\amd64_microsoft.windows.common-controls_6595b64144ccf1df_5.82.9200.17359_none_776323af3178557f\COMCTL32.dll
0x000007f8174e0000 - 0x000007f817581000 	C:\Windows\system32\COMDLG32.dll
0x000007f814b90000 - 0x000007f814ba5000 	C:\Windows\SYSTEM32\NETAPI32.dll
0x000007f819c60000 - 0x000007f819cb8000 	C:\Windows\system32\WS2_32.dll
0x0000000004a00000 - 0x0000000004c53000 	C:\MATLAB\R2012b\bin\win64\xerces-c_2_7.dll
0x000007f817ff0000 - 0x000007f8192d5000 	C:\Windows\system32\SHELL32.dll
0x000007f8196c0000 - 0x000007f81983e000 	C:\Windows\system32\ole32.dll
0x000007f817f20000 - 0x000007f817fe3000 	C:\Windows\system32\OLEAUT32.dll
0x0000000075000000 - 0x00000000753e9000 	C:\MATLAB\R2012b\bin\win64\iqm.dll
0x0000000079fb0000 - 0x0000000079fe6000 	C:\MATLAB\R2012b\bin\win64\libmwbridge.dll
0x0000000066550000 - 0x0000000066577000 	C:\MATLAB\R2012b\bin\win64\libmex.dll
0x0000000074e80000 - 0x0000000074f38000 	C:\MATLAB\R2012b\bin\win64\m_dispatcher.dll
0x000007fffc9c0000 - 0x000007fffcc56000 	C:\MATLAB\R2012b\bin\win64\mcos.dll
0x00000000663f0000 - 0x0000000066542000 	C:\MATLAB\R2012b\bin\win64\libmwgui.dll
0x0000000065990000 - 0x00000000663ef000 	C:\MATLAB\R2012b\bin\win64\hg.dll
0x0000000065870000 - 0x000000006598f000 	C:\MATLAB\R2012b\bin\win64\hgutils.dll
0x000007fffbd10000 - 0x000007fffc581000 	C:\MATLAB\R2012b\bin\win64\m_interpreter.dll
0x0000000075710000 - 0x00000000757de000 	C:\MATLAB\R2012b\bin\win64\jmi.dll
0x00000000657b0000 - 0x0000000065870000 	C:\MATLAB\R2012b\bin\win64\udd_mi.dll
0x0000000004c60000 - 0x0000000004f31000 	C:\MATLAB\R2012b\bin\win64\uiw.dll
0x0000000065780000 - 0x00000000657a2000 	C:\MATLAB\R2012b\bin\win64\mwoles05.DLL
0x0000000065700000 - 0x000000006577d000 	C:\MATLAB\R2012b\bin\win64\comcli.dll
0x00000000656f0000 - 0x00000000656fc000 	C:\MATLAB\R2012b\bin\win64\mlautoregister.dll
0x0000000004f40000 - 0x0000000004f50000 	C:\MATLAB\R2012b\bin\win64\boost_iostreams-vc90-mt-1_44.dll
0x000007f817b90000 - 0x000007f817cd1000 	C:\Windows\system32\GDI32.dll
0x0000000004f60000 - 0x0000000004f6b000 	C:\MATLAB\R2012b\bin\win64\libmwresource_core.dll
0x000000007a010000 - 0x000000007a035000 	C:\MATLAB\R2012b\bin\win64\LIBEXPAT.dll
0x00000000654f0000 - 0x00000000656e1000 	C:\MATLAB\R2012b\bin\win64\icuin44.dll
0x000000007a250000 - 0x000000007a263000 	C:\MATLAB\R2012b\bin\win64\boost_signals-vc90-mt-1_44.dll
0x000007f817ac0000 - 0x000007f817ad4000 	C:\Windows\system32\imagehlp.dll
0x0000000010000000 - 0x0000000010e41000 	C:\MATLAB\R2012b\bin\win64\icudt44.dll
0x000007f817ae0000 - 0x000007f817b85000 	C:\Windows\system32\msvcrt.dll
0x000007f819cc0000 - 0x000007f819d08000 	C:\Windows\SYSTEM32\sechost.dll
0x000007f8176f0000 - 0x000007f817835000 	C:\Windows\system32\RPCRT4.dll
0x0000000005000000 - 0x0000000005029000 	C:\MATLAB\R2012b\bin\win64\tbbmalloc.dll
0x000000007a210000 - 0x000000007a228000 	C:\MATLAB\R2012b\bin\win64\zlib1.dll
0x00000000754d0000 - 0x0000000075551000 	C:\MATLAB\R2012b\bin\win64\xmlcore.dll
0x000007f819340000 - 0x000007f819390000 	C:\Windows\system32\SHLWAPI.dll
0x000007f8165a0000 - 0x000007f8165ae000 	C:\Windows\SYSTEM32\netutils.dll
0x000007f816800000 - 0x000007f816824000 	C:\Windows\SYSTEM32\srvcli.dll
0x000007f814870000 - 0x000007f814885000 	C:\Windows\SYSTEM32\wkscli.dll
0x000007f8174d0000 - 0x000007f8174d9000 	C:\Windows\system32\NSI.dll
0x000007f819840000 - 0x000007f8199f0000 	C:\Windows\SYSTEM32\combase.dll
0x0000000065420000 - 0x00000000654e8000 	C:\MATLAB\R2012b\bin\win64\udd.dll
0x0000000074880000 - 0x000000007496d000 	C:\MATLAB\R2012b\bin\win64\boost_regex-vc90-mt-1_44.dll
0x0000000065400000 - 0x0000000065417000 	C:\MATLAB\R2012b\bin\win64\graphics_util.dll
0x0000000076100000 - 0x0000000076168000 	C:\MATLAB\R2012b\bin\win64\libmat.dll
0x00000000653b0000 - 0x00000000653f6000 	C:\MATLAB\R2012b\bin\win64\libmwhardcopy.dll
0x0000000065340000 - 0x00000000653a3000 	C:\MATLAB\R2012b\bin\win64\libuij.dll
0x00000000650d0000 - 0x0000000065334000 	C:\MATLAB\R2012b\bin\win64\hgdatatypes.dll
0x0000000005130000 - 0x00000000051b5000 	C:\MATLAB\R2012b\bin\win64\libmwlapack.dll
0x00000000051c0000 - 0x00000000051fb000 	C:\MATLAB\R2012b\bin\win64\libmwgbtutils.dll
0x0000000005200000 - 0x000000000521b000 	C:\MATLAB\R2012b\bin\win64\libmwgbt.dll
0x0000000067310000 - 0x00000000677f4000 	C:\Windows\WinSxS\amd64_microsoft.vc90.mfc_1fc8b3b9a1e18e3b_9.0.30729.6161_none_044aad0bab1eb146\mfc90.dll
0x000007f810a60000 - 0x000007f810add000 	C:\Windows\SYSTEM32\WINSPOOL.DRV
0x0000000065040000 - 0x00000000650c4000 	C:\MATLAB\R2012b\bin\win64\profiler.dll
0x0000000005240000 - 0x00000000054aa000 	C:\MATLAB\R2012b\bin\win64\libmwmathutil.dll
0x0000000079f40000 - 0x0000000079f6e000 	C:\MATLAB\R2012b\bin\win64\libmwmathrng.dll
0x0000000065010000 - 0x0000000065031000 	C:\MATLAB\R2012b\bin\win64\m_pcodeio.dll
0x0000000079b10000 - 0x0000000079b77000 	C:\MATLAB\R2012b\bin\win64\m_ir.dll
0x00000000649a0000 - 0x0000000065010000 	C:\MATLAB\R2012b\bin\win64\m_parser.dll
0x0000000064960000 - 0x0000000064991000 	C:\MATLAB\R2012b\bin\win64\m_pcodegen.dll
0x00000000054b0000 - 0x000000000551a000 	C:\MATLAB\R2012b\bin\win64\libmwspmatrix.dll
0x0000000005530000 - 0x000000000553d000 	C:\MATLAB\R2012b\bin\win64\nativejava_services.dll
0x0000000064950000 - 0x000000006495f000 	C:\MATLAB\R2012b\bin\win64\uinone.dll
0x0000000005560000 - 0x0000000005589000 	C:\MATLAB\R2012b\bin\win64\libmwnativefiledialogs.dll
0x000007f807aa0000 - 0x000007f807ab7000 	C:\Windows\SYSTEM32\MPR.dll
0x00000000670e0000 - 0x000000006710f000 	C:\Windows\WinSxS\amd64_microsoft.vc90.atl_1fc8b3b9a1e18e3b_9.0.30729.6161_none_0a1fd3a3a768b895\ATL90.DLL
0x0000000072d30000 - 0x0000000072f44000 	C:\MATLAB\R2012b\bin\win64\hdf5dll.dll
0x000000007a310000 - 0x000000007a321000 	C:\MATLAB\R2012b\bin\win64\libmwbinder.dll
0x000000007a4d0000 - 0x000000007a4dc000 	C:\MATLAB\R2012b\bin\win64\libmwompwrapper.dll
0x000007f811370000 - 0x000007f811377000 	C:\Windows\SYSTEM32\MSIMG32.dll
0x0000000005710000 - 0x0000000005722000 	C:\MATLAB\R2012b\bin\win64\libmwmfl_rng.dll
0x0000000074c10000 - 0x0000000074cee000 	C:\MATLAB\R2012b\bin\win64\libmwmathcore.dll
0x0000000064930000 - 0x000000006494a000 	C:\MATLAB\R2012b\bin\win64\ir_xfmr.dll
0x0000000064910000 - 0x0000000064921000 	C:\MATLAB\R2012b\bin\win64\mtok.dll
0x00000000057b0000 - 0x00000000057b8000 	C:\MATLAB\R2012b\bin\win64\libmwplatform_res.dll
0x000007f815400000 - 0x000007f815496000 	C:\Windows\SYSTEM32\SHCORE.DLL
0x0000000075ea0000 - 0x0000000075f02000 	C:\MATLAB\R2012b\bin\win64\libmwcholmod.dll
0x000000007a460000 - 0x000000007a46d000 	C:\MATLAB\R2012b\bin\win64\libmwamd.dll
0x000000007a4b0000 - 0x000000007a4bc000 	C:\MATLAB\R2012b\bin\win64\libmwcolamd.dll
0x000000007a290000 - 0x000000007a2a9000 	C:\MATLAB\R2012b\bin\win64\libmwblas.dll
0x000007f819c20000 - 0x000007f819c59000 	C:\Windows\system32\IMM32.DLL
0x000007f817260000 - 0x000007f817375000 	C:\Windows\system32\MSCTF.dll
0x000007f815ba0000 - 0x000007f815c86000 	C:\Windows\system32\UxTheme.dll
0x000007f8150b0000 - 0x000007f8150d1000 	C:\Windows\system32\dwmapi.dll
0x0000000067220000 - 0x000000006722d000 	C:\Windows\WinSxS\amd64_microsoft.vc90.mfcloc_1fc8b3b9a1e18e3b_9.0.30729.6161_none_01c9581e60cbee58\MFC90ENU.DLL
0x000007f816db0000 - 0x000007f816dc5000 	C:\Windows\system32\profapi.dll
0x0000000005a70000 - 0x0000000005a7f000 	C:\MATLAB\R2012b\bin\win64\xmlxrcsc.dll
0x000007f816b40000 - 0x000007f816b4a000 	C:\Windows\SYSTEM32\CRYPTBASE.dll
0x000007f816ae0000 - 0x000007f816b3d000 	C:\Windows\SYSTEM32\bcryptPrimitives.dll
0x000007f817d50000 - 0x000007f817f20000 	C:\Windows\system32\SETUPAPI.dll
0x000007f817210000 - 0x000007f81725f000 	C:\Windows\system32\CFGMGR32.dll
0x000007f8171c0000 - 0x000007f8171e2000 	C:\Windows\system32\DEVOBJ.dll
0x000007f819390000 - 0x000007f819426000 	C:\Windows\SYSTEM32\clbcatq.dll
0x000007f812210000 - 0x000007f81236a000 	C:\Windows\system32\propsys.dll

VM Arguments:
jvm_args: -Xss512k -XX:PermSize=32m -Xms64m -XX:NewRatio=3 -XX:MaxPermSize=128m -Xmx196m -XX:MaxDirectMemorySize=2147400000 -Dsun.java2d.noddraw=true -Dsun.awt.nopixfmt=true -Xshare:off -Xrs -Dsun.awt.disableMixing=true -Djava.library.path=C:\MATLAB\R2012b\bin\win64;C:\MATLAB\R2012b\sys\jxbrowser\win64\lib vfprintf abort 
java_command: <unknown>
Launcher Type: generic

Environment Variables:
PATH=C:\Python27;D:\gurobi604\win64\bin;C:\ProgramData\Oracle\Java\javapath;C:\MinGW\bin;C:\MinGW\libexec\gcc\x86_64-pc-mingw32\4.9.1;C:\Program Files\ImageMagick-6.8.8-Q16;C:\Program Files (x86)\Intel\iCLS Client\;C:\Program Files\Intel\iCLS Client\;C:\Windows\system32;C:\Windows;C:\Windows\System32\Wbem;C:\Windows\System32\WindowsPowerShell\v1.0\;C:\Program Files\Intel\Intel(R) Management Engine Components\DAL;C:\Program Files\Intel\Intel(R) Management Engine Components\IPT;C:\Program Files (x86)\Intel\Intel(R) Management Engine Components\DAL;C:\Program Files (x86)\Intel\Intel(R) Management Engine Components\IPT;C:\Program Files (x86)\Intel\OpenCL SDK\2.0\bin\x86;C:\Program Files (x86)\Intel\OpenCL SDK\2.0\bin\x64;C:\MATLAB\R2012b\runtime\win64;C:\MATLAB\R2012b\bin;C:\Program Files (x86)\MiKTeX 2.9\miktex\bin\;C:\Program Files (x86)\Intel\OpenCL SDK\2.0\bin\x86;C:\Program Files (x86)\Intel\OpenCL SDK\2.0\bin\x64;C:\Program Files (x86)\Intel\OpenCL SDK\2.0\bin\x86;C:\Program Files (x86)\Intel\OpenCL SDK\2.0\bin\x64;C:\Program Files\Intel\WiFi\bin\;C:\Program Files\Common Files\Intel\WirelessCommon\;C:\Program Files (x86)\Aperio\Common;C:\Program Files (x86)\Skype\Phone\;C:\Program Files\Microsoft Windows Performance Toolkit\
USERNAME=Anton
OS=Windows_NT
PROCESSOR_IDENTIFIER=Intel64 Family 6 Model 58 Stepping 9, GenuineIntel



---------------  S Y S T E M  ---------------

OS: Windows NT 6.2 Build 9200 

CPU:total 4 (8 cores per cpu, 2 threads per core) family 6 model 58 stepping 9, cmov, cx8, fxsr, mmx, sse, sse2, sse3, ssse3, sse4.1, sse4.2, ht

Memory: 4k page, physical 4077272k(2551608k free), swap 7091928k(4897180k free)

vm_info: Java HotSpot(TM) 64-Bit Server VM (14.3-b01) for windows-amd64 JRE (1.6.0_17-b04), built on Oct 11 2009 00:46:08 by "java_re" with MS VC++ 8.0

time: Sat Apr 02 22:38:44 2016
elapsed time: 3084 seconds

